CRITICAL - 2022-06-04 16:31:52 --> The framework needs the following extension(s) installed and loaded: intl.
in SYSTEMPATH\CodeIgniter.php on line 231.
 1 SYSTEMPATH\CodeIgniter.php(231): CodeIgniter\Exceptions\FrameworkException::forMissingExtension('intl')
 2 SYSTEMPATH\CodeIgniter.php(189): CodeIgniter\CodeIgniter->resolvePlatformExtensions()
 3 FCPATH\index.php(43): CodeIgniter\CodeIgniter->initialize()
CRITICAL - 2022-06-04 16:34:01 --> The framework needs the following extension(s) installed and loaded: intl.
in SYSTEMPATH\CodeIgniter.php on line 231.
 1 SYSTEMPATH\CodeIgniter.php(231): CodeIgniter\Exceptions\FrameworkException::forMissingExtension('intl')
 2 SYSTEMPATH\CodeIgniter.php(189): CodeIgniter\CodeIgniter->resolvePlatformExtensions()
 3 FCPATH\index.php(43): CodeIgniter\CodeIgniter->initialize()
CRITICAL - 2022-06-04 09:55:43 --> array_combine(): Both parameters should have an equal number of elements
in APPPATH\Controllers\Home.php on line 19.
 1 [internal function]: CodeIgniter\Debug\Exceptions->errorHandler(2, 'array_combine(): Both parameters should have an equal number of elements', 'APPPATH\\Controllers\\Home.php', 19, [...])
 2 APPPATH\Controllers\Home.php(19): array_combine([...], [...])
 3 SYSTEMPATH\CodeIgniter.php(898): App\Controllers\Home->index()
 4 SYSTEMPATH\CodeIgniter.php(468): CodeIgniter\CodeIgniter->runController(Object(App\Controllers\Home))
 5 SYSTEMPATH\CodeIgniter.php(351): CodeIgniter\CodeIgniter->handleRequest(null, Object(Config\Cache), false)
 6 FCPATH\index.php(55): CodeIgniter\CodeIgniter->run()
CRITICAL - 2022-06-04 10:14:00 --> array_combine(): Both parameters should have an equal number of elements
in APPPATH\Controllers\Home.php on line 28.
 1 [internal function]: CodeIgniter\Debug\Exceptions->errorHandler(2, 'array_combine(): Both parameters should have an equal number of elements', 'APPPATH\\Controllers\\Home.php', 28, [...])
 2 APPPATH\Controllers\Home.php(28): array_combine([...], [...])
 3 SYSTEMPATH\CodeIgniter.php(898): App\Controllers\Home->index()
 4 SYSTEMPATH\CodeIgniter.php(468): CodeIgniter\CodeIgniter->runController(Object(App\Controllers\Home))
 5 SYSTEMPATH\CodeIgniter.php(351): CodeIgniter\CodeIgniter->handleRequest(null, Object(Config\Cache), false)
 6 FCPATH\index.php(55): CodeIgniter\CodeIgniter->run()
CRITICAL - 2022-06-04 10:16:46 --> array_combine(): Both parameters should have an equal number of elements
in APPPATH\Controllers\Home.php on line 29.
 1 [internal function]: CodeIgniter\Debug\Exceptions->errorHandler(2, 'array_combine(): Both parameters should have an equal number of elements', 'APPPATH\\Controllers\\Home.php', 29, [...])
 2 APPPATH\Controllers\Home.php(29): array_combine([...], [...])
 3 SYSTEMPATH\CodeIgniter.php(898): App\Controllers\Home->index()
 4 SYSTEMPATH\CodeIgniter.php(468): CodeIgniter\CodeIgniter->runController(Object(App\Controllers\Home))
 5 SYSTEMPATH\CodeIgniter.php(351): CodeIgniter\CodeIgniter->handleRequest(null, Object(Config\Cache), false)
 6 FCPATH\index.php(55): CodeIgniter\CodeIgniter->run()
CRITICAL - 2022-06-04 10:16:48 --> array_combine(): Both parameters should have an equal number of elements
in APPPATH\Controllers\Home.php on line 29.
 1 [internal function]: CodeIgniter\Debug\Exceptions->errorHandler(2, 'array_combine(): Both parameters should have an equal number of elements', 'APPPATH\\Controllers\\Home.php', 29, [...])
 2 APPPATH\Controllers\Home.php(29): array_combine([...], [...])
 3 SYSTEMPATH\CodeIgniter.php(898): App\Controllers\Home->index()
 4 SYSTEMPATH\CodeIgniter.php(468): CodeIgniter\CodeIgniter->runController(Object(App\Controllers\Home))
 5 SYSTEMPATH\CodeIgniter.php(351): CodeIgniter\CodeIgniter->handleRequest(null, Object(Config\Cache), false)
 6 FCPATH\index.php(55): CodeIgniter\CodeIgniter->run()
CRITICAL - 2022-06-04 10:16:59 --> array_combine(): Both parameters should have an equal number of elements
in APPPATH\Controllers\Home.php on line 29.
 1 [internal function]: CodeIgniter\Debug\Exceptions->errorHandler(2, 'array_combine(): Both parameters should have an equal number of elements', 'APPPATH\\Controllers\\Home.php', 29, [...])
 2 APPPATH\Controllers\Home.php(29): array_combine([...], [...])
 3 SYSTEMPATH\CodeIgniter.php(898): App\Controllers\Home->index()
 4 SYSTEMPATH\CodeIgniter.php(468): CodeIgniter\CodeIgniter->runController(Object(App\Controllers\Home))
 5 SYSTEMPATH\CodeIgniter.php(351): CodeIgniter\CodeIgniter->handleRequest(null, Object(Config\Cache), false)
 6 FCPATH\index.php(55): CodeIgniter\CodeIgniter->run()
CRITICAL - 2022-06-04 10:19:15 --> array_combine(): Both parameters should have an equal number of elements
in APPPATH\Controllers\Home.php on line 21.
 1 [internal function]: CodeIgniter\Debug\Exceptions->errorHandler(2, 'array_combine(): Both parameters should have an equal number of elements', 'APPPATH\\Controllers\\Home.php', 21, [...])
 2 APPPATH\Controllers\Home.php(21): array_combine([...], [...])
 3 SYSTEMPATH\CodeIgniter.php(898): App\Controllers\Home->index()
 4 SYSTEMPATH\CodeIgniter.php(468): CodeIgniter\CodeIgniter->runController(Object(App\Controllers\Home))
 5 SYSTEMPATH\CodeIgniter.php(351): CodeIgniter\CodeIgniter->handleRequest(null, Object(Config\Cache), false)
 6 FCPATH\index.php(55): CodeIgniter\CodeIgniter->run()
CRITICAL - 2022-06-04 10:21:51 --> Array to string conversion
in APPPATH\Controllers\Home.php on line 21.
 1 [internal function]: CodeIgniter\Debug\Exceptions->errorHandler(8, 'Array to string conversion', 'APPPATH\\Controllers\\Home.php', 21, [...])
 2 APPPATH\Controllers\Home.php(21): array_combine([...], [...])
 3 SYSTEMPATH\CodeIgniter.php(898): App\Controllers\Home->index()
 4 SYSTEMPATH\CodeIgniter.php(468): CodeIgniter\CodeIgniter->runController(Object(App\Controllers\Home))
 5 SYSTEMPATH\CodeIgniter.php(351): CodeIgniter\CodeIgniter->handleRequest(null, Object(Config\Cache), false)
 6 FCPATH\index.php(55): CodeIgniter\CodeIgniter->run()
CRITICAL - 2022-06-04 11:10:58 --> Undefined variable: title
in APPPATH\Views\components\head.php on line 8.
 1 APPPATH\Views\components\head.php(8): CodeIgniter\Debug\Exceptions->errorHandler(8, 'Undefined variable: title', 'APPPATH\\Views\\components\\head.php', 8, [])
 2 SYSTEMPATH\View\View.php(213): include('APPPATH\\Views\\components\\head.php')
 3 SYSTEMPATH\View\View.php(216): CodeIgniter\View\View->CodeIgniter\View\{closure}()
 4 SYSTEMPATH\Common.php(1135): CodeIgniter\View\View->render('components/head', [], true)
 5 APPPATH\Controllers\Home.php(31): view('components/head')
 6 SYSTEMPATH\CodeIgniter.php(898): App\Controllers\Home->index()
 7 SYSTEMPATH\CodeIgniter.php(468): CodeIgniter\CodeIgniter->runController(Object(App\Controllers\Home))
 8 SYSTEMPATH\CodeIgniter.php(351): CodeIgniter\CodeIgniter->handleRequest(null, Object(Config\Cache), false)
 9 FCPATH\index.php(55): CodeIgniter\CodeIgniter->run()
CRITICAL - 2022-06-04 11:58:05 --> Undefined variable: totale_positiv
in APPPATH\Views\home\main.php on line 4.
 1 APPPATH\Views\home\main.php(4): CodeIgniter\Debug\Exceptions->errorHandler(8, 'Undefined variable: totale_positiv', 'APPPATH\\Views\\home\\main.php', 4, [...])
 2 SYSTEMPATH\View\View.php(213): include('APPPATH\\Views\\home\\main.php')
 3 SYSTEMPATH\View\View.php(216): CodeIgniter\View\View->CodeIgniter\View\{closure}()
 4 SYSTEMPATH\Common.php(1135): CodeIgniter\View\View->render('home/main', [], true)
 5 APPPATH\Controllers\Home.php(33): view('home/main', [...])
 6 SYSTEMPATH\CodeIgniter.php(898): App\Controllers\Home->index()
 7 SYSTEMPATH\CodeIgniter.php(468): CodeIgniter\CodeIgniter->runController(Object(App\Controllers\Home))
 8 SYSTEMPATH\CodeIgniter.php(351): CodeIgniter\CodeIgniter->handleRequest(null, Object(Config\Cache), false)
 9 FCPATH\index.php(55): CodeIgniter\CodeIgniter->run()
CRITICAL - 2022-06-04 11:58:14 --> Undefined variable: totale_positiv
in APPPATH\Views\home\main.php on line 4.
 1 APPPATH\Views\home\main.php(4): CodeIgniter\Debug\Exceptions->errorHandler(8, 'Undefined variable: totale_positiv', 'APPPATH\\Views\\home\\main.php', 4, [...])
 2 SYSTEMPATH\View\View.php(213): include('APPPATH\\Views\\home\\main.php')
 3 SYSTEMPATH\View\View.php(216): CodeIgniter\View\View->CodeIgniter\View\{closure}()
 4 SYSTEMPATH\Common.php(1135): CodeIgniter\View\View->render('home/main', [], true)
 5 APPPATH\Controllers\Home.php(33): view('home/main', [...])
 6 SYSTEMPATH\CodeIgniter.php(898): App\Controllers\Home->index()
 7 SYSTEMPATH\CodeIgniter.php(468): CodeIgniter\CodeIgniter->runController(Object(App\Controllers\Home))
 8 SYSTEMPATH\CodeIgniter.php(351): CodeIgniter\CodeIgniter->handleRequest(null, Object(Config\Cache), false)
 9 FCPATH\index.php(55): CodeIgniter\CodeIgniter->run()
CRITICAL - 2022-06-04 11:58:19 --> Undefined variable: totale_positiv
in APPPATH\Views\home\main.php on line 4.
 1 APPPATH\Views\home\main.php(4): CodeIgniter\Debug\Exceptions->errorHandler(8, 'Undefined variable: totale_positiv', 'APPPATH\\Views\\home\\main.php', 4, [...])
 2 SYSTEMPATH\View\View.php(213): include('APPPATH\\Views\\home\\main.php')
 3 SYSTEMPATH\View\View.php(216): CodeIgniter\View\View->CodeIgniter\View\{closure}()
 4 SYSTEMPATH\Common.php(1135): CodeIgniter\View\View->render('home/main', [], true)
 5 APPPATH\Controllers\Home.php(33): view('home/main', [...])
 6 SYSTEMPATH\CodeIgniter.php(898): App\Controllers\Home->index()
 7 SYSTEMPATH\CodeIgniter.php(468): CodeIgniter\CodeIgniter->runController(Object(App\Controllers\Home))
 8 SYSTEMPATH\CodeIgniter.php(351): CodeIgniter\CodeIgniter->handleRequest(null, Object(Config\Cache), false)
 9 FCPATH\index.php(55): CodeIgniter\CodeIgniter->run()
CRITICAL - 2022-06-04 14:26:47 --> Array to string conversion
in APPPATH\Controllers\Home.php on line 24.
 1 APPPATH\Controllers\Home.php(24): CodeIgniter\Debug\Exceptions->errorHandler(8, 'Array to string conversion', 'APPPATH\\Controllers\\Home.php', 24, [...])
 2 SYSTEMPATH\CodeIgniter.php(898): App\Controllers\Home->index()
 3 SYSTEMPATH\CodeIgniter.php(468): CodeIgniter\CodeIgniter->runController(Object(App\Controllers\Home))
 4 SYSTEMPATH\CodeIgniter.php(351): CodeIgniter\CodeIgniter->handleRequest(null, Object(Config\Cache), false)
 5 FCPATH\index.php(55): CodeIgniter\CodeIgniter->run()
